"C:\Program Files\JetBrains\CLion 2019.2.1\bin\cmake\win\bin\cmake.exe" -DCMAKE_BUILD_TYPE=Debug -G "CodeBlocks - NMake Makefiles" C:\Users\elper\CLionProjects\test
-- The C compiler identification is MSVC 19.16.27027.1
-- The CXX compiler identification is MSVC 19.16.27027.1
-- Check for working C compiler: C:/Program Files (x86)/Microsoft Visual Studio/2017/BuildTools/VC/Tools/MSVC/14.16.27023/bin/Hostx86/x86/cl.exe
-- Check for working C compiler: C:/Program Files (x86)/Microsoft Visual Studio/2017/BuildTools/VC/Tools/MSVC/14.16.27023/bin/Hostx86/x86/cl.exe -- broken
CMake Error at C:/Program Files/JetBrains/CLion 2019.2.1/bin/cmake/win/share/cmake-3.14/Modules/CMakeTestCCompiler.cmake:60 (message):
  The C compiler

    "C:/Program Files (x86)/Microsoft Visual Studio/2017/BuildTools/VC/Tools/MSVC/14.16.27023/bin/Hostx86/x86/cl.exe"

  is not able to compile a simple test program.

  It fails with the following output:

    Change Dir: C:/Users/elper/CLionProjects/test/cmake-build-debug-visual-studio/CMakeFiles/CMakeTmp
    
    Run Build Command(s):nmake /nologo cmTC_1093b\fast 
    	"C:\Program Files (x86)\Microsoft Visual Studio\2017\BuildTools\VC\Tools\MSVC\14.16.27023\bin\HostX86\x86\nmake.exe" -f CMakeFiles\cmTC_1093b.dir\build.make /nologo -L                  CMakeFiles\cmTC_1093b.dir\build
    Building C object CMakeFiles/cmTC_1093b.dir/testCCompiler.c.obj
    	C:\PROGRA~2\MICROS~1\2017\BUILDT~1\VC\Tools\MSVC\1416~1.270\bin\Hostx86\x86\cl.exe @C:\Users\elper\AppData\Local\Temp\nmECA6.tmp
    testCCompiler.c
    Linking C executable cmTC_1093b.exe
    	"C:\Program Files\JetBrains\CLion 2019.2.1\bin\cmake\win\bin\cmake.exe" -E vs_link_exe --intdir=CMakeFiles\cmTC_1093b.dir --rc=rc --mt=CMAKE_MT-NOTFOUND --manifests  -- C:\PROGRA~2\MICROS~1\2017\BUILDT~1\VC\Tools\MSVC\1416~1.270\bin\Hostx86\x86\link.exe /nologo @CMakeFiles\cmTC_1093b.dir\objects1.rsp @C:\Users\elper\AppData\Local\Temp\nmED05.tmp
    RC Pass 1: command "rc /foCMakeFiles\cmTC_1093b.dir/manifest.res CMakeFiles\cmTC_1093b.dir/manifest.rc" failed (exit code 0) with the following output:
    The system cannot find the file specifiedNMAKE : fatal error U1077: '"C:\Program Files\JetBrains\CLion 2019.2.1\bin\cmake\win\bin\cmake.exe"' : return code '0xffffffff'
    Stop.
    NMAKE : fatal error U1077: '"C:\Program Files (x86)\Microsoft Visual Studio\2017\BuildTools\VC\Tools\MSVC\14.16.27023\bin\HostX86\x86\nmake.exe"' : return code '0x2'
    Stop.
    

  

  CMake will not be able to correctly generate this project.
Call Stack (most recent call first):
  CMakeLists.txt:2 (project)


-- Configuring incomplete, errors occurred!
See also "C:/Users/elper/CLionProjects/test/cmake-build-debug-visual-studio/CMakeFiles/CMakeOutput.log".
See also "C:/Users/elper/CLionProjects/test/cmake-build-debug-visual-studio/CMakeFiles/CMakeError.log".
